SF:/Users/abel.fernandez/projects/experiments/BloggingApp/BloggingApp.Domain/Services/PostService.cs
FN:8,System.Void PostService::.ctor(BloggingApp.Domain.Repositories.IPostRepository)
FNDA:22,System.Void PostService::.ctor(BloggingApp.Domain.Repositories.IPostRepository)
DA:9,22
DA:10,22
DA:11,22
DA:12,22
FN:24,System.Void PostService/<AddPostAsync>d__4::MoveNext()
FNDA:4,System.Void PostService/<AddPostAsync>d__4::MoveNext()
DA:25,4
DA:26,4
DA:27,4
FN:14,System.Void PostService/<GetPostByIdAsync>d__2::MoveNext()
FNDA:10,System.Void PostService/<GetPostByIdAsync>d__2::MoveNext()
DA:15,10
DA:16,10
DA:17,10
FN:19,System.Void PostService/<GetPostByIdWithAuthorDetailsAsync>d__3::MoveNext()
FNDA:8,System.Void PostService/<GetPostByIdWithAuthorDetailsAsync>d__3::MoveNext()
DA:20,8
DA:21,8
DA:22,8
LF:13
LH:13
BRF:0
BRH:0
FNF:4
FNH:4
end_of_record
SF:/Users/abel.fernandez/projects/experiments/BloggingApp/BloggingApp.Domain/Entities/Author.cs
FN:4,System.Guid BloggingApp.Domain.Entities.Author::get_Id()
FNDA:20,System.Guid BloggingApp.Domain.Entities.Author::get_Id()
DA:5,20
FN:5,System.String BloggingApp.Domain.Entities.Author::get_Name()
FNDA:14,System.String BloggingApp.Domain.Entities.Author::get_Name()
DA:6,14
FN:6,System.String BloggingApp.Domain.Entities.Author::get_Surname()
FNDA:14,System.String BloggingApp.Domain.Entities.Author::get_Surname()
DA:7,14
FN:2,System.Void BloggingApp.Domain.Entities.Author::.ctor(System.Guid,System.String,System.String)
FNDA:14,System.Void BloggingApp.Domain.Entities.Author::.ctor(System.Guid,System.String,System.String)
DA:3,14
LF:4
LH:4
BRF:0
BRH:0
FNF:4
FNH:4
end_of_record
SF:/Users/abel.fernandez/projects/experiments/BloggingApp/BloggingApp.Domain/Entities/Post.cs
FN:4,System.Guid BloggingApp.Domain.Entities.Post::get_Id()
FNDA:84,System.Guid BloggingApp.Domain.Entities.Post::get_Id()
DA:5,84
FN:5,System.Guid BloggingApp.Domain.Entities.Post::get_AuthorId()
FNDA:44,System.Guid BloggingApp.Domain.Entities.Post::get_AuthorId()
DA:6,44
FN:6,System.String BloggingApp.Domain.Entities.Post::get_Title()
FNDA:38,System.String BloggingApp.Domain.Entities.Post::get_Title()
DA:7,38
FN:7,System.String BloggingApp.Domain.Entities.Post::get_Description()
FNDA:36,System.String BloggingApp.Domain.Entities.Post::get_Description()
DA:8,36
FN:8,System.String BloggingApp.Domain.Entities.Post::get_Content()
FNDA:36,System.String BloggingApp.Domain.Entities.Post::get_Content()
DA:9,36
FN:10,BloggingApp.Domain.Entities.Author BloggingApp.Domain.Entities.Post::get_Author()
FNDA:98,BloggingApp.Domain.Entities.Author BloggingApp.Domain.Entities.Post::get_Author()
DA:11,98
FN:2,System.Void BloggingApp.Domain.Entities.Post::.ctor(System.Guid,System.Guid,System.String,System.String,System.String)
FNDA:36,System.Void BloggingApp.Domain.Entities.Post::.ctor(System.Guid,System.Guid,System.String,System.String,System.String)
DA:3,36
LF:7
LH:7
BRF:0
BRH:0
FNF:7
FNH:7
end_of_record
SF:/Users/abel.fernandez/projects/experiments/BloggingApp/BloggingApp.API/Controllers/BloggingController.cs
FN:10,System.Void BloggingController::.ctor(BloggingApp.Domain.Services.IPostService)
FNDA:12,System.Void BloggingController::.ctor(BloggingApp.Domain.Services.IPostService)
DA:11,12
DA:12,12
DA:13,12
DA:14,12
FN:39,System.Void BloggingController/<AddPost>d__4::MoveNext()
FNDA:4,System.Void BloggingController/<AddPost>d__4::MoveNext()
DA:40,4
DA:41,4
DA:42,2
DA:43,2
DA:46,2
DA:47,2
DA:48,2
DA:49,2
DA:50,2
DA:52,2
DA:53,2
DA:54,4
BRDA:41,36,0,4
BRDA:41,60,0,2
BRDA:41,36,1,2
BRDA:41,60,1,2
BRDA:41,102,0,2
BRDA:41,102,1,2
BRDA:47,234,0,2
BRDA:47,234,1,0
BRDA:47,269,0,2
BRDA:47,269,1,2
FN:17,System.Void BloggingController/<GetPostById>d__2::MoveNext()
FNDA:4,System.Void BloggingController/<GetPostById>d__2::MoveNext()
DA:18,4
DA:19,4
DA:20,4
DA:21,2
DA:22,2
DA:24,2
DA:25,4
BRDA:20,185,0,2
BRDA:20,185,1,2
FN:28,System.Void BloggingController/<GetPostsByAuthorId>d__3::MoveNext()
FNDA:4,System.Void BloggingController/<GetPostsByAuthorId>d__3::MoveNext()
DA:29,4
DA:30,4
DA:31,4
DA:32,2
DA:33,2
DA:35,2
DA:36,4
BRDA:31,185,0,2
BRDA:31,185,1,2
LF:30
LH:30
BRF:14
BRH:13
FNF:4
FNH:4
end_of_record
SF:/Users/abel.fernandez/projects/experiments/BloggingApp/BloggingApp.API/Models/AddPostRequest.cs
FN:2,System.String AddPostRequest::get_Title()
FNDA:16,System.String AddPostRequest::get_Title()
DA:3,16
FN:3,System.String AddPostRequest::get_Description()
FNDA:10,System.String AddPostRequest::get_Description()
DA:4,10
FN:4,System.String AddPostRequest::get_Content()
FNDA:12,System.String AddPostRequest::get_Content()
DA:5,12
FN:5,System.String AddPostRequest::get_AuthorName()
FNDA:12,System.String AddPostRequest::get_AuthorName()
DA:6,12
FN:6,System.String AddPostRequest::get_AuthorSurname()
FNDA:12,System.String AddPostRequest::get_AuthorSurname()
DA:7,12
FN:10,System.Void AddPostRequest::.ctor(System.String,System.String,System.String,System.String,System.String)
FNDA:4,System.Void AddPostRequest::.ctor(System.String,System.String,System.String,System.String,System.String)
DA:11,4
DA:12,4
DA:13,4
DA:14,4
DA:15,4
DA:16,4
DA:17,4
DA:18,4
LF:13
LH:13
BRF:0
BRH:0
FNF:6
FNH:6
end_of_record
SF:/Users/abel.fernandez/projects/experiments/BloggingApp/BloggingApp.API/Program.cs
FN:7,System.Void Program::<Main>$(System.String[])
FNDA:0,System.Void Program::<Main>$(System.String[])
DA:8,0
DA:11,0
DA:12,0
DA:13,0
DA:14,0
DA:15,0
DA:16,0
DA:17,0
DA:18,0
DA:20,0
DA:21,0
DA:23,0
DA:25,0
DA:26,0
DA:27,0
DA:28,0
DA:29,0
DA:31,0
DA:32,0
DA:33,0
DA:34,0
BRDA:25,232,0,0
BRDA:25,232,1,0
LF:21
LH:0
BRF:2
BRH:0
FNF:1
FNH:0
end_of_record
SF:/Users/abel.fernandez/projects/experiments/BloggingApp/BloggingApp.Infrastructure/Repositories/PostRepository.cs
FN:30,System.Threading.Tasks.Task PostRepository::AddPostAsync(BloggingApp.Domain.Entities.Post)
FNDA:18,System.Threading.Tasks.Task PostRepository::AddPostAsync(BloggingApp.Domain.Entities.Post)
DA:31,18
DA:33,18
DA:34,18
DA:35,10
DA:36,10
DA:37,10
DA:38,18
DA:39,18
BRDA:34,48,0,10
BRDA:34,48,1,18
FN:7,System.Void PostRepository::.ctor(BloggingApp.Infrastructure.Data.BlogDBContext)
FNDA:20,System.Void PostRepository::.ctor(BloggingApp.Infrastructure.Data.BlogDBContext)
DA:8,20
DA:9,20
DA:10,20
DA:11,20
FN:12,System.Void PostRepository/<GetPostByIdAsync>d__2::MoveNext()
FNDA:8,System.Void PostRepository/<GetPostByIdAsync>d__2::MoveNext()
DA:13,8
DA:15,8
DA:16,8
FN:18,System.Void PostRepository/<GetPostByIdWithAuthorDetailsAsync>d__3::MoveNext()
FNDA:8,System.Void PostRepository/<GetPostByIdWithAuthorDetailsAsync>d__3::MoveNext()
DA:19,8
DA:21,8
DA:22,8
DA:23,8
DA:24,4
DA:25,4
DA:26,4
DA:27,8
DA:28,8
BRDA:22,237,0,2
BRDA:22,237,1,6
BRDA:23,422,0,6
BRDA:23,422,1,2
BRDA:23,454,0,4
BRDA:23,454,1,8
LF:24
LH:24
BRF:8
BRH:8
FNF:4
FNH:4
end_of_record
SF:/Users/abel.fernandez/projects/experiments/BloggingApp/BloggingApp.Infrastructure/Data/BlogDBContext.cs
FN:16,Microsoft.EntityFrameworkCore.DbSet`1<BloggingApp.Domain.Entities.Post> BloggingApp.Infrastructure.Data.BlogDBContext::get_Posts()
FNDA:54,Microsoft.EntityFrameworkCore.DbSet`1<BloggingApp.Domain.Entities.Post> BloggingApp.Infrastructure.Data.BlogDBContext::get_Posts()
DA:17,54
FN:17,Microsoft.EntityFrameworkCore.DbSet`1<BloggingApp.Domain.Entities.Author> BloggingApp.Infrastructure.Data.BlogDBContext::get_Authors()
FNDA:38,Microsoft.EntityFrameworkCore.DbSet`1<BloggingApp.Domain.Entities.Author> BloggingApp.Infrastructure.Data.BlogDBContext::get_Authors()
DA:18,38
FN:8,System.Void BloggingApp.Infrastructure.Data.BlogDBContext::.ctor()
FNDA:0,System.Void BloggingApp.Infrastructure.Data.BlogDBContext::.ctor()
DA:9,0
DA:10,0
DA:11,0
FN:12,System.Void BloggingApp.Infrastructure.Data.BlogDBContext::.ctor(Microsoft.EntityFrameworkCore.DbContextOptions`1<BloggingApp.Infrastructure.Data.BlogDBContext>)
FNDA:20,System.Void BloggingApp.Infrastructure.Data.BlogDBContext::.ctor(Microsoft.EntityFrameworkCore.DbContextOptions`1<BloggingApp.Infrastructure.Data.BlogDBContext>)
DA:13,20
DA:14,20
DA:15,20
LF:8
LH:5
BRF:0
BRH:0
FNF:4
FNH:3
end_of_record